<?xml version="1.0" encoding="UTF-8"?>
<!-- Generated by org.testng.reporters.JUnitReportReporter -->
<testsuite hostname="LAPTOP-1JHII323" name="testcases.executetestday10" tests="1" failures="0" timestamp="4 Aug 2017 15:36:30 GMT" time="27.488" errors="0">
  <testcase name="testLogin" time="27.488" classname="testcases.executetestday10"/>
</testsuite> <!-- testcases.executetestday10 -->
