<?xml version="1.0" encoding="UTF-8"?>
<!-- Generated by org.testng.reporters.JUnitReportReporter -->
<testsuite hostname="LAPTOP-1JHII323" name="testcases.executetestday9" tests="1" failures="0" timestamp="2 Aug 2017 15:16:53 GMT" time="40.530" errors="0">
  <testcase name="testLogin" time="40.530" classname="testcases.executetestday9"/>
</testsuite> <!-- testcases.executetestday9 -->
