<?xml version="1.0" encoding="UTF-8"?>
<!-- Generated by org.testng.reporters.JUnitReportReporter -->
<testsuite hostname="LAPTOP-1JHII323" name="testcases.test" tests="1" failures="0" timestamp="25 Jul 2017 11:33:10 GMT" time="15.889" errors="0">
  <testcase name="testLogin" time="15.889" classname="testcases.test"/>
</testsuite> <!-- testcases.test -->
