<?xml version="1.0" encoding="UTF-8"?>
<!-- Generated by org.testng.reporters.JUnitReportReporter -->
<testsuite hostname="LAPTOP-1JHII323" name="testcases.executetestday2" tests="1" failures="0" timestamp="20 Jul 2017 15:34:56 GMT" time="108.331" errors="0">
  <testcase name="testLogin" time="108.331" classname="testcases.executetestday2"/>
</testsuite> <!-- testcases.executetestday2 -->
