<?xml version="1.0" encoding="UTF-8"?>
<!-- Generated by org.testng.reporters.JUnitReportReporter -->
<testsuite hostname="LAPTOP-1JHII323" name="testcases.executetestday8" tests="1" failures="0" timestamp="2 Aug 2017 14:28:02 GMT" time="56.967" errors="0">
  <testcase name="testLogin" time="56.967" classname="testcases.executetestday8"/>
</testsuite> <!-- testcases.executetestday8 -->
