<?xml version="1.0" encoding="UTF-8"?>
<!-- Generated by org.testng.reporters.JUnitReportReporter -->
<testsuite hostname="LAPTOP-1JHII323" name="testcases.executetest" tests="1" failures="0" timestamp="19 Jul 2017 19:38:38 GMT" time="51.720" errors="0">
  <testcase name="testLogin" time="51.720" classname="testcases.executetest"/>
</testsuite> <!-- testcases.executetest -->
