<?xml version="1.0" encoding="UTF-8"?>
<!-- Generated by org.testng.reporters.JUnitReportReporter -->
<testsuite hostname="LAPTOP-1JHII323" name="testcases.executetestday6" tests="1" failures="0" timestamp="24 Jul 2017 15:58:26 GMT" time="68.117" errors="0">
  <testcase name="testLogin" time="68.117" classname="testcases.executetestday6"/>
</testsuite> <!-- testcases.executetestday6 -->
