<?xml version="1.0" encoding="UTF-8"?>
<!-- Generated by org.testng.reporters.JUnitReportReporter -->
<testsuite hostname="LAPTOP-1JHII323" name="testcases.executetestday4" tests="1" failures="0" timestamp="22 Jul 2017 13:22:35 GMT" time="21.507" errors="0">
  <testcase name="testLogin" time="21.507" classname="testcases.executetestday4"/>
</testsuite> <!-- testcases.executetestday4 -->
