<?xml version="1.0" encoding="UTF-8"?>
<!-- Generated by org.testng.reporters.JUnitReportReporter -->
<testsuite hostname="LAPTOP-1JHII323" name="testcases.executetestday3" tests="1" failures="0" timestamp="22 Jul 2017 09:11:34 GMT" time="24.217" errors="0">
  <testcase name="testLogin" time="24.217" classname="testcases.executetestday3"/>
</testsuite> <!-- testcases.executetestday3 -->
