<?xml version="1.0" encoding="UTF-8"?>
<!-- Generated by org.testng.reporters.JUnitReportReporter -->
<testsuite hostname="LAPTOP-1JHII323" name="eCommerceLive.TestCase6" tests="1" failures="0" timestamp="24 Jul 2017 15:27:19 GMT" time="101.857" errors="0">
  <testcase name="testTestCase6" time="101.857" classname="eCommerceLive.TestCase6"/>
</testsuite> <!-- eCommerceLive.TestCase6 -->
