<?xml version="1.0" encoding="UTF-8"?>
<!-- Generated by org.testng.reporters.JUnitReportReporter -->
<testsuite hostname="LAPTOP-1JHII323" name="testcases.executetestday5" tests="1" failures="0" timestamp="24 Jul 2017 07:27:54 GMT" time="36.824" errors="0">
  <testcase name="testLogin" time="36.824" classname="testcases.executetestday5"/>
</testsuite> <!-- testcases.executetestday5 -->
