<?xml version="1.0" encoding="UTF-8"?>
<!-- Generated by org.testng.reporters.JUnitReportReporter -->
<testsuite hostname="alok-PC" name="testcases.ExecuteTest" tests="1" failures="0" timestamp="23 Apr 2017 13:12:33 GMT" time="26.897" errors="0">
  <testcase name="testLogin" time="26.897" classname="testcases.ExecuteTest"/>
</testsuite> <!-- testcases.ExecuteTest -->
