<?xml version="1.0" encoding="UTF-8"?>
<!-- Generated by org.testng.reporters.JUnitReportReporter -->
<testsuite skipped="0" hostname="LAPTOP-1JHII323" name="testcases.ExecuteTest1" tests="1" failures="0" timestamp="17 Jun 2018 18:29:47 GMT" time="72.718" errors="0">
  <testcase name="testLogin" time="72.718" classname="testcases.ExecuteTest1"/>
</testsuite> <!-- testcases.ExecuteTest1 -->
